<?xml version="1.0" encoding="UTF-8"?>
<!-- Generated by org.testng.reporters.JUnitXMLReporter -->
<testsuite ignored="0" hostname="DESKTOP-554NA3I" failures="1" tests="1" name="Default test" time="35.793" errors="0" timestamp="2021-06-22T22:24:14 EET">
  <testcase classname="io.cucumber.testng.AbstractTestNGCucumberTests" name="runScenario" time="29.698">
    <failure type="java.lang.AssertionError" message="expected:&amp;lt;142.0&amp;gt; but was:&amp;lt;91.0&amp;gt;">
      <![CDATA[java.lang.AssertionError: expected:<142.0> but was:<91.0>
at org.junit.Assert.fail(Assert.java:89)
at org.junit.Assert.failNotEquals(Assert.java:835)
at org.junit.Assert.assertEquals(Assert.java:120)
at org.junit.Assert.assertEquals(Assert.java:146)
at DiffinitionStepsOfPages.GoogleHomePageSteps.user_validates_if_the_number_of_results_pages_links_is_equal(GoogleHomePageSteps.java:64)
at âœ½.user validates if the number of results pages links is equal(file:///E:/eclipse-workspace/HybridPOM-UiAutomatiom/src/test/resources/PageFeatures/GoogleHomePageFeatures.feature:14)
]]>
    </failure>
  </testcase> <!-- runScenario -->
</testsuite> <!-- Default test -->
