<html>
<head>
<title>TestNG:  Default test</title>
<link href="../testng.css" rel="stylesheet" type="text/css" />
<link href="../my-testng.css" rel="stylesheet" type="text/css" />

<style type="text/css">
.log { display: none;} 
.stack-trace { display: none;} 
</style>
<script type="text/javascript">
<!--
function flip(e) {
  current = e.style.display;
  if (current == 'block') {
    e.style.display = 'none';
    return 0;
  }
  else {
    e.style.display = 'block';
    return 1;
  }
}

function toggleBox(szDivId, elem, msg1, msg2)
{
  var res = -1;  if (document.getElementById) {
    res = flip(document.getElementById(szDivId));
  }
  else if (document.all) {
    // this is the way old msie versions work
    res = flip(document.all[szDivId]);
  }
  if(elem) {
    if(res == 0) elem.innerHTML = msg1; else elem.innerHTML = msg2;
  }

}

function toggleAllBoxes() {
  if (document.getElementsByTagName) {
    d = document.getElementsByTagName('div');
    for (i = 0; i < d.length; i++) {
      if (d[i].className == 'log') {
        flip(d[i]);
      }
    }
  }
}

// -->
</script>

</head>
<body>
<h2 align='center'>Default test</h2><table border='1' align="center">
<tr>
<td>Tests passed/Failed/Skipped:</td><td>0/1/0</td>
</tr><tr>
<td>Started on:</td><td>Tue Jun 22 22:23:38 EET 2021</td>
</tr>
<tr><td>Total time:</td><td>35 seconds (35793 ms)</td>
</tr><tr>
<td>Included groups:</td><td></td>
</tr><tr>
<td>Excluded groups:</td><td></td>
</tr>
</table><p/>
<small><i>(Hover the method name to see the test class name)</i></small><p/>
<table width='100%' border='1' class='invocation-failed'>
<tr><td colspan='4' align='center'><b>FAILED TESTS</b></td></tr>
<tr><td><b>Test method</b></td>
<td width="30%"><b>Exception</b></td>
<td width="10%"><b>Time (seconds)</b></td>
<td><b>Instance</b></td>
</tr>
<tr>
<td title='Tests.TestNGRunner.runScenario()'><b>runScenario</b><br>Test class: Tests.TestNGRunner<br>Test method: Runs Cucumber Scenarios<br>Parameters: "Doing Search", "Optional[Google Search feature]"</td>
<td><div><pre>java.lang.AssertionError: expected:&lt;142.0&gt; but was:&lt;91.0&gt;
	at org.junit.Assert.fail(Assert.java:89)
	at org.junit.Assert.failNotEquals(Assert.java:835)
	at org.junit.Assert.assertEquals(Assert.java:120)
	at org.junit.Assert.assertEquals(Assert.java:146)
	at DiffinitionStepsOfPages.GoogleHomePageSteps.user_validates_if_the_number_of_results_pages_links_is_equal(GoogleHomePageSteps.java:64)
	at ?.user validates if the number of results pages links is equal(file:///E:/eclipse-workspace/HybridPOM-UiAutomatiom/src/test/resources/PageFeatures/GoogleHomePageFeatures.feature:14)
</pre></div><a href='#' onClick='toggleBox("stack-trace585803886", this, "Click to show all stack frames", "Click to hide stack frames")'>Click to show all stack frames</a>
<div class='stack-trace' id='stack-trace585803886'><pre>java.lang.AssertionError: expected:&lt;142.0&gt; but was:&lt;91.0&gt;
	at org.junit.Assert.fail(Assert.java:89)
	at org.junit.Assert.failNotEquals(Assert.java:835)
	at org.junit.Assert.assertEquals(Assert.java:120)
	at org.junit.Assert.assertEquals(Assert.java:146)
	at DiffinitionStepsOfPages.GoogleHomePageSteps.user_validates_if_the_number_of_results_pages_links_is_equal(GoogleHomePageSteps.java:64)
	at ?.user validates if the number of results pages links is equal(file:///E:/eclipse-workspace/HybridPOM-UiAutomatiom/src/test/resources/PageFeatures/GoogleHomePageFeatures.feature:14)
</pre></div></td>
<td>29</td>
<td>Tests.TestNGRunner@55183b20</td></tr>
</table><p>
</body>
</html>